[+] Containers:
 |- [+] Container: /Game/Maps_Levels_Modes/ThirdPersonMap
 |   |- [+] ActorDescs:
 |   |   |- Guid:02BA5C22470CB6063ADD1E91598265F5 BaseClass: NativeClass:/Script/Engine.StaticMeshActor Name:StaticMeshActor_UAID_A85E45A79B40310202_1799455281 Label:SM_ChamferCube27 SpatiallyLoaded:1 Bounds:IsValid=true, Min=(X=-287.923 Y=1332.077 Z=0.013), Max=(X=-172.077 Y=1447.923 Z=100.013) RuntimeGrid:None EditorOnly:0 RuntimeOnly:0 HLODRelevant:0
 |   |   |- Guid:0BF0BD98480740FDDB0C289092AA6136 BaseClass: NativeClass:/Script/Engine.StaticMeshActor Name:StaticMeshActor_UAID_A85E45A79B40310202_1799446275 Label:SM_ChamferCube21 SpatiallyLoaded:1 Bounds:IsValid=true, Min=(X=992.077 Y=-567.923 Z=0.013), Max=(X=1107.923 Y=-452.077 Z=100.013) RuntimeGrid:None EditorOnly:0 RuntimeOnly:0 HLODRelevant:0
 |   |   |- Guid:0D9D31B944FB76C4116741B7A959B85A BaseClass: NativeClass:/Script/Engine.StaticMeshActor Name:StaticMeshActor_UAID_A85E45A79B40310202_1799450278 Label:SM_ChamferCube24 SpatiallyLoaded:1 Bounds:IsValid=true, Min=(X=-327.923 Y=-117.923 Z=0.013), Max=(X=-212.077 Y=-2.077 Z=100.013) RuntimeGrid:None EditorOnly:0 RuntimeOnly:0 HLODRelevant:0
 |   |   |- Guid:13E85CCB4338CC665F6E23A6CAD04271 BaseClass: NativeClass:/Script/Engine.StaticMeshActor Name:StaticMeshActor_UAID_A85E45A79B40310202_1799434267 Label:SM_ChamferCube13 SpatiallyLoaded:1 Bounds:IsValid=true, Min=(X=-230.000 Y=2000.000 Z=0.013), Max=(X=-130.000 Y=2100.000 Z=100.013) RuntimeGrid:None EditorOnly:0 RuntimeOnly:0 HLODRelevant:0
 |   |   |- Guid:1715C315472923CD87D1A88526A665DD BaseClass: NativeClass:/Script/Engine.StaticMeshActor Name:StaticMeshActor_UAID_A85E45A79B40310202_1799410255 Label:SM_ChamferCube SpatiallyLoaded:1 Bounds:IsValid=true, Min=(X=1100.000 Y=2000.000 Z=0.013), Max=(X=1200.000 Y=2100.000 Z=100.013) RuntimeGrid:None EditorOnly:0 RuntimeOnly:0 HLODRelevant:0
 |   |   |- Guid:1A613ADC4D922D65ACB53782EA2456C8 BaseClass: NativeClass:/Script/Engine.StaticMeshActor Name:StaticMeshActor_UAID_A85E45A79B40310202_1799444274 Label:SM_ChamferCube20 SpatiallyLoaded:1 Bounds:IsValid=true, Min=(X=481.699 Y=-988.301 Z=0.013), Max=(X=618.301 Y=-851.699 Z=100.013) RuntimeGrid:None EditorOnly:0 RuntimeOnly:0 HLODRelevant:0
 |   |   |- Guid:281F24F943F43C09956949A86DA2D2DF BaseClass: NativeClass:/Script/Engine.StaticMeshActor Name:StaticMeshActor_UAID_A85E45A79B40310202_1799441272 Label:SM_ChamferCube18 SpatiallyLoaded:1 Bounds:IsValid=true, Min=(X=1882.077 Y=1872.077 Z=0.013), Max=(X=1997.923 Y=1987.923 Z=100.013) RuntimeGrid:None EditorOnly:0 RuntimeOnly:0 HLODRelevant:0
 |   |   |- Guid:293AE19E48FF104D9DD8DA8A8D52FD3D BaseClass: NativeClass:/Script/Engine.StaticMeshActor Name:StaticMeshActor_UAID_A85E45A79B40310202_1799452279 Label:SM_ChamferCube25 SpatiallyLoaded:1 Bounds:IsValid=true, Min=(X=-180.000 Y=640.000 Z=0.013), Max=(X=-80.000 Y=740.000 Z=100.013) RuntimeGrid:None EditorOnly:0 RuntimeOnly:0 HLODRelevant:0
 |   |   |- Guid:35B7D782484449B5BE4E55AC4367CFF0 BaseClass: NativeClass:/Script/NavigationSystem.RecastNavMesh Name:RecastNavMesh_UAID_A85E45A79B40E90102-Default Label:RecastNavMesh-Default SpatiallyLoaded:0 Bounds:IsValid=true, Min=(X=0.000 Y=0.000 Z=0.000), Max=(X=0.000 Y=0.000 Z=0.000) RuntimeGrid:None EditorOnly:0 RuntimeOnly:0 HLODRelevant:0
 |   |   |- Guid:3BE7BFA243C9BBAF5E1C53B149E4F85A BaseClass: NativeClass:/Script/NavigationSystem.NavMeshBoundsVolume Name:NavMeshBoundsVolume_UAID_A85E45A79B40E90102_1354811569 Label:NavMeshBoundsVolume SpatiallyLoaded:0 Bounds:IsValid=true, Min=(X=-3910.000 Y=-4380.000 Z=-5000.000), Max=(X=6090.000 Y=5620.000 Z=5000.000) RuntimeGrid:None EditorOnly:0 RuntimeOnly:0 HLODRelevant:0
 |   |   |- Guid:5AF413D540C23C85AB37A68A472D2FA2 BaseClass: NativeClass:/Script/Engine.StaticMeshActor Name:StaticMeshActor_UAID_A85E45A79B40310202_1799432266 Label:SM_ChamferCube12 SpatiallyLoaded:1 Bounds:IsValid=true, Min=(X=992.077 Y=362.077 Z=0.013), Max=(X=1107.923 Y=477.923 Z=100.013) RuntimeGrid:None EditorOnly:0 RuntimeOnly:0 HLODRelevant:0
 |   |   |- Guid:6B56E44F46F0E8EA5D52DE80A5B08D87 BaseClass: NativeClass:/Script/Engine.StaticMeshActor Name:StaticMeshActor_UAID_A85E45A79B40310202_1799438270 Label:SM_ChamferCube16 SpatiallyLoaded:1 Bounds:IsValid=true, Min=(X=1990.000 Y=1180.000 Z=0.013), Max=(X=2090.000 Y=1280.000 Z=100.013) RuntimeGrid:None EditorOnly:0 RuntimeOnly:0 HLODRelevant:0
 |   |   |- Guid:6BAF4DDD444C60371492D3919DB42C97 BaseClass: NativeClass:/Script/Engine.WorldDataLayers Name:WorldDataLayers Label:WorldDataLayers SpatiallyLoaded:0 Bounds:IsValid=true, Min=(X=0.000 Y=0.000 Z=0.000), Max=(X=0.000 Y=0.000 Z=0.000) RuntimeGrid:None EditorOnly:0 RuntimeOnly:0 HLODRelevant:0
 |   |   |- Guid:6C2FF842492A7D12D5DE55ACA16FCE30 BaseClass: NativeClass:/Script/Engine.StaticMeshActor Name:StaticMeshActor_UAID_A85E45A79B40310202_1799431265 Label:SM_ChamferCube11 SpatiallyLoaded:1 Bounds:IsValid=true, Min=(X=481.699 Y=-58.301 Z=0.013), Max=(X=618.301 Y=78.301 Z=100.013) RuntimeGrid:None EditorOnly:0 RuntimeOnly:0 HLODRelevant:0
 |   |   |- Guid:7147E44F4DD48C4A9A589CA7E9178CFF BaseClass: NativeClass:/Script/Engine.StaticMeshActor Name:StaticMeshActor_UAID_A85E45A79B40310202_1799420259 Label:SM_ChamferCube5 SpatiallyLoaded:1 Bounds:IsValid=true, Min=(X=1551.699 Y=-418.301 Z=0.013), Max=(X=1688.301 Y=-281.699 Z=100.013) RuntimeGrid:None EditorOnly:0 RuntimeOnly:0 HLODRelevant:0
 |   |   |- Guid:7BC7073040DBEFB98542B5A60D0CED20 BaseClass:/Game/UltraDynamicSky/Blueprints/Ultra_Dynamic_Weather.Ultra_Dynamic_Weather_C NativeClass:/Script/Engine.Actor Name:Ultra_Dynamic_Weather_C_UAID_A85E45A79B40DB0102_1900318096 Label:Ultra_Dynamic_Weather SpatiallyLoaded:0 Bounds:IsValid=true, Min=(X=-3180.000 Y=-2650.000 Z=-4100.000), Max=(X=4820.000 Y=5350.000 Z=3900.000) RuntimeGrid:None EditorOnly:0 RuntimeOnly:0 HLODRelevant:0 FolderPath:Lighting FolderGuid:963EC3EB4002CCE9759E2EBA541A873A
 |   |   |- Guid:86937091454E4BDEA4CCDD99C32E35E2 BaseClass: NativeClass:/Script/Engine.StaticMeshActor Name:StaticMeshActor_UAID_A85E45A79B40310202_1799424261 Label:SM_ChamferCube7 SpatiallyLoaded:1 Bounds:IsValid=true, Min=(X=2730.000 Y=2000.000 Z=0.013), Max=(X=2830.000 Y=2100.000 Z=100.013) RuntimeGrid:None EditorOnly:0 RuntimeOnly:0 HLODRelevant:0
 |   |   |- Guid:8CD9EC3D42F9B2F2818BE68696E46FFA BaseClass: NativeClass:/Script/Engine.StaticMeshActor Name:StaticMeshActor_UAID_A85E45A79B40310202_1799417257 Label:SM_ChamferCube2 SpatiallyLoaded:1 Bounds:IsValid=true, Min=(X=992.077 Y=2692.077 Z=0.013), Max=(X=1107.923 Y=2807.923 Z=100.013) RuntimeGrid:None EditorOnly:0 RuntimeOnly:0 HLODRelevant:0
 |   |   |- Guid:8FAF09554EAC9B365EBB06A57FC2BAEA BaseClass: NativeClass:/Script/Engine.StaticMeshActor Name:StaticMeshActor_UAID_A85E45A79B40310202_1799449277 Label:SM_ChamferCube23 SpatiallyLoaded:1 Bounds:IsValid=true, Min=(X=-838.301 Y=-538.301 Z=0.013), Max=(X=-701.699 Y=-401.699 Z=100.013) RuntimeGrid:None EditorOnly:0 RuntimeOnly:0 HLODRelevant:0
 |   |   |- Guid:9619260F4A3E258275C30F8A19F66811 BaseClass: NativeClass:/Script/Engine.StaticMeshActor Name:StaticMeshActor_UAID_A85E45A79B40310202_1799428263 Label:SM_ChamferCube9 SpatiallyLoaded:1 Bounds:IsValid=true, Min=(X=2622.077 Y=2692.077 Z=0.013), Max=(X=2737.923 Y=2807.923 Z=100.013) RuntimeGrid:None EditorOnly:0 RuntimeOnly:0 HLODRelevant:0
 |   |   |- Guid:99B0ECC648A05F76A4ABA3922AC235F9 BaseClass: NativeClass:/Script/Engine.StaticMeshActor Name:StaticMeshActor_UAID_A85E45A79B40310202_1799437269 Label:SM_ChamferCube15 SpatiallyLoaded:1 Bounds:IsValid=true, Min=(X=-337.923 Y=2692.077 Z=0.013), Max=(X=-222.077 Y=2807.923 Z=100.013) RuntimeGrid:None EditorOnly:0 RuntimeOnly:0 HLODRelevant:0
 |   |   |- Guid:9C6B318B439A3A859798DDA771311F64 BaseClass: NativeClass:/Script/Engine.StaticMeshActor Name:StaticMeshActor_UAID_A85E45A79B40310202_1799426262 Label:SM_ChamferCube8 SpatiallyLoaded:1 Bounds:IsValid=true, Min=(X=2111.699 Y=2271.699 Z=0.013), Max=(X=2248.301 Y=2408.301 Z=100.013) RuntimeGrid:None EditorOnly:0 RuntimeOnly:0 HLODRelevant:0
 |   |   |- Guid:9EE19109428E8FEFFB31AD8A499880B2 BaseClass: NativeClass:/Script/Engine.StaticMeshActor Name:StaticMeshActor_UAID_A85E45A79B40310202_1799447276 Label:SM_ChamferCube22 SpatiallyLoaded:1 Bounds:IsValid=true, Min=(X=-220.000 Y=-810.000 Z=0.013), Max=(X=-120.000 Y=-710.000 Z=100.013) RuntimeGrid:None EditorOnly:0 RuntimeOnly:0 HLODRelevant:0
 |   |   |- Guid:9F8B7BE64DCD88A097F33F873D82A16D BaseClass:/Game/Enemies/BP_Director.BP_Director_C NativeClass:/Script/Engine.Actor Name:BP_Director_C_UAID_A85E45A79B40210202_2117535415 Label:BP_Director SpatiallyLoaded:1 Bounds:IsValid=true, Min=(X=940.000 Y=620.000 Z=0.000), Max=(X=940.000 Y=620.000 Z=0.000) RuntimeGrid:None EditorOnly:0 RuntimeOnly:0 HLODRelevant:0 FolderPath:Directors FolderGuid:2C7FD5774814C680C2CF628E17490FE2
 |   |   |- Guid:A3533E934470331AAEB4D3AE5A34381F BaseClass: NativeClass:/Script/Engine.StaticMeshActor Name:StaticMeshActor_UAID_A85E45A79B40310202_1799418258 Label:SM_ChamferCube4 SpatiallyLoaded:1 Bounds:IsValid=true, Min=(X=2170.000 Y=-690.000 Z=0.013), Max=(X=2270.000 Y=-590.000 Z=100.013) RuntimeGrid:None EditorOnly:0 RuntimeOnly:0 HLODRelevant:0
 |   |   |- Guid:B9463CF949CD6AD7600B42B430D12AA0 BaseClass: NativeClass:/Script/Engine.StaticMeshActor Name:StaticMeshActor_UAID_A85E45A79B40310202_1799415256 Label:SM_ChamferCube3 SpatiallyLoaded:1 Bounds:IsValid=true, Min=(X=481.699 Y=2271.699 Z=0.013), Max=(X=618.301 Y=2408.301 Z=100.013) RuntimeGrid:None EditorOnly:0 RuntimeOnly:0 HLODRelevant:0
 |   |   |- Guid:BDF241814A8E99974B047DBB1C00A06F BaseClass: NativeClass:/Script/Engine.StaticMeshActor Name:StaticMeshActor_UAID_A85E45A79B40310202_1799435268 Label:SM_ChamferCube14 SpatiallyLoaded:1 Bounds:IsValid=true, Min=(X=-848.301 Y=2271.699 Z=0.013), Max=(X=-711.699 Y=2408.301 Z=100.013) RuntimeGrid:None EditorOnly:0 RuntimeOnly:0 HLODRelevant:0
 |   |   |- Guid:C436660A46560A7C2EF1E28031291879 BaseClass: NativeClass:/Script/Engine.StaticMeshActor Name:StaticMeshActor_UAID_A85E45A79B40E10102_2007606157 Label:PLAYER SPAWN LOCATION SpatiallyLoaded:1 Bounds:IsValid=true, Min=(X=680.000 Y=1040.000 Z=20.000), Max=(X=780.000 Y=1140.000 Z=120.000) RuntimeGrid:None EditorOnly:0 RuntimeOnly:0 HLODRelevant:0
 |   |   |- Guid:CE44759748D38492CEB9E4ADFBA9E86B BaseClass: NativeClass:/Script/Engine.StaticMeshActor Name:StaticMeshActor_UAID_A85E45A79B40310202_1799442273 Label:SM_ChamferCube19 SpatiallyLoaded:1 Bounds:IsValid=true, Min=(X=1100.000 Y=-1260.000 Z=0.013), Max=(X=1200.000 Y=-1160.000 Z=100.013) RuntimeGrid:None EditorOnly:0 RuntimeOnly:0 HLODRelevant:0
 |   |   |- Guid:D27CD19545E4AD85067B6DA405C2A7E5 BaseClass: NativeClass:/Script/Engine.StaticMeshActor Name:StaticMeshActor_UAID_A85E45A79B40310202_1799429264 Label:SM_ChamferCube10 SpatiallyLoaded:1 Bounds:IsValid=true, Min=(X=1100.000 Y=-330.000 Z=0.013), Max=(X=1200.000 Y=-230.000 Z=100.013) RuntimeGrid:None EditorOnly:0 RuntimeOnly:0 HLODRelevant:0
 |   |   |- Guid:D3928D97436B99EDC7950180772DB960 BaseClass: NativeClass:/Script/Engine.StaticMeshActor Name:StaticMeshActor_UAID_A85E45A79B40310202_1799453280 Label:SM_ChamferCube26 SpatiallyLoaded:1 Bounds:IsValid=true, Min=(X=-798.301 Y=911.699 Z=0.013), Max=(X=-661.699 Y=1048.301 Z=100.013) RuntimeGrid:None EditorOnly:0 RuntimeOnly:0 HLODRelevant:0
 |   |   |- Guid:DD6170AB4465E3AB8ABDFBAED8C0CD6C BaseClass: NativeClass:/Script/Engine.StaticMeshActor Name:StaticMeshActor_UAID_A85E45A79B40310202_1799440271 Label:SM_ChamferCube17 SpatiallyLoaded:1 Bounds:IsValid=true, Min=(X=1371.699 Y=1451.699 Z=0.013), Max=(X=1508.301 Y=1588.301 Z=100.013) RuntimeGrid:None EditorOnly:0 RuntimeOnly:0 HLODRelevant:0
 |   |   |- Guid:E62381C04367FA96B0E13DA6CDD5F7AA BaseClass: NativeClass:/Script/Engine.StaticMeshActor Name:StaticMeshActor_UAID_A85E45A79B40310202_1799422260 Label:SM_ChamferCube6 SpatiallyLoaded:1 Bounds:IsValid=true, Min=(X=2062.077 Y=2.077 Z=0.013), Max=(X=2177.923 Y=117.923 Z=100.013) RuntimeGrid:None EditorOnly:0 RuntimeOnly:0 HLODRelevant:0
 |   |   |- Guid:F0F4825E43A13431204247BFBFAB9770 BaseClass:/Game/UltraDynamicSky/Blueprints/Ultra_Dynamic_Sky.Ultra_Dynamic_Sky_C NativeClass:/Script/Engine.Actor Name:Ultra_Dynamic_Sky_C_UAID_A85E45A79B40DB0102_1895126095 Label:Ultra_Dynamic_Sky SpatiallyLoaded:0 Bounds:IsValid=true, Min=(X=-9369290165.000 Y=-9369287720.000 Z=-10538807500.000), Max=(X=9369287335.000 Y=9369287905.000 Z=9390708125.000) RuntimeGrid:None EditorOnly:0 RuntimeOnly:0 HLODRelevant:0 FolderPath:Lighting FolderGuid:963EC3EB4002CCE9759E2EBA541A873A
 |   |   |- Guid:F1924B8D48954B30891B2DB6A694F9CC BaseClass: NativeClass:/Script/Engine.StaticMeshActor Name:StaticMeshActor_1 Label:SM_Cube SpatiallyLoaded:1 Bounds:IsValid=true, Min=(X=-1250.000 Y=-1250.000 Z=-50.000), Max=(X=3750.000 Y=3750.000 Z=0.000) RuntimeGrid:None EditorOnly:0 RuntimeOnly:0 HLODRelevant:1 FolderPath:Playground FolderGuid:C73F09FC4215536B1DCE2A9E0A830C70
 |   |   |- Guid:F5E3FEB3450C49844FD93DA8E083C8AD BaseClass: NativeClass:/Script/Engine.PostProcessVolume Name:PostProcessVolume_0 Label:PostProcessVolume SpatiallyLoaded:0 Bounds:IsValid=true, Min=(X=0.000 Y=0.000 Z=400.000), Max=(X=200.000 Y=200.000 Z=600.000) RuntimeGrid:None EditorOnly:0 RuntimeOnly:0 HLODRelevant:0 FolderPath:Lighting FolderGuid:963EC3EB4002CCE9759E2EBA541A873A
 |   |- [+] Clusters:
 |   |   |- [+] [  0]
 |   |   |   |- Guid:C436660A46560A7C2EF1E28031291879 BaseClass: NativeClass:/Script/Engine.StaticMeshActor Name:StaticMeshActor_UAID_A85E45A79B40E10102_2007606157 Label:PLAYER SPAWN LOCATION SpatiallyLoaded:1 Bounds:IsValid=true, Min=(X=680.000 Y=1040.000 Z=20.000), Max=(X=780.000 Y=1140.000 Z=120.000) RuntimeGrid:None EditorOnly:0 RuntimeOnly:0 HLODRelevant:0
 |   |   |- [+] [  1]
 |   |   |   |- Guid:F5E3FEB3450C49844FD93DA8E083C8AD BaseClass: NativeClass:/Script/Engine.PostProcessVolume Name:PostProcessVolume_0 Label:PostProcessVolume SpatiallyLoaded:0 Bounds:IsValid=true, Min=(X=0.000 Y=0.000 Z=400.000), Max=(X=200.000 Y=200.000 Z=600.000) RuntimeGrid:None EditorOnly:0 RuntimeOnly:0 HLODRelevant:0 FolderPath:Lighting FolderGuid:963EC3EB4002CCE9759E2EBA541A873A
 |   |   |- [+] [  2]
 |   |   |   |- Guid:7BC7073040DBEFB98542B5A60D0CED20 BaseClass:/Game/UltraDynamicSky/Blueprints/Ultra_Dynamic_Weather.Ultra_Dynamic_Weather_C NativeClass:/Script/Engine.Actor Name:Ultra_Dynamic_Weather_C_UAID_A85E45A79B40DB0102_1900318096 Label:Ultra_Dynamic_Weather SpatiallyLoaded:0 Bounds:IsValid=true, Min=(X=-3180.000 Y=-2650.000 Z=-4100.000), Max=(X=4820.000 Y=5350.000 Z=3900.000) RuntimeGrid:None EditorOnly:0 RuntimeOnly:0 HLODRelevant:0 FolderPath:Lighting FolderGuid:963EC3EB4002CCE9759E2EBA541A873A
 |   |   |- [+] [  3]
 |   |   |   |- Guid:F0F4825E43A13431204247BFBFAB9770 BaseClass:/Game/UltraDynamicSky/Blueprints/Ultra_Dynamic_Sky.Ultra_Dynamic_Sky_C NativeClass:/Script/Engine.Actor Name:Ultra_Dynamic_Sky_C_UAID_A85E45A79B40DB0102_1895126095 Label:Ultra_Dynamic_Sky SpatiallyLoaded:0 Bounds:IsValid=true, Min=(X=-9369290165.000 Y=-9369287720.000 Z=-10538807500.000), Max=(X=9369287335.000 Y=9369287905.000 Z=9390708125.000) RuntimeGrid:None EditorOnly:0 RuntimeOnly:0 HLODRelevant:0 FolderPath:Lighting FolderGuid:963EC3EB4002CCE9759E2EBA541A873A
 |   |   |- [+] [  4]
 |   |   |   |- Guid:9F8B7BE64DCD88A097F33F873D82A16D BaseClass:/Game/Enemies/BP_Director.BP_Director_C NativeClass:/Script/Engine.Actor Name:BP_Director_C_UAID_A85E45A79B40210202_2117535415 Label:BP_Director SpatiallyLoaded:1 Bounds:IsValid=true, Min=(X=940.000 Y=620.000 Z=0.000), Max=(X=940.000 Y=620.000 Z=0.000) RuntimeGrid:None EditorOnly:0 RuntimeOnly:0 HLODRelevant:0 FolderPath:Directors FolderGuid:2C7FD5774814C680C2CF628E17490FE2
 |   |   |- [+] [  5]
 |   |   |   |- Guid:3BE7BFA243C9BBAF5E1C53B149E4F85A BaseClass: NativeClass:/Script/NavigationSystem.NavMeshBoundsVolume Name:NavMeshBoundsVolume_UAID_A85E45A79B40E90102_1354811569 Label:NavMeshBoundsVolume SpatiallyLoaded:0 Bounds:IsValid=true, Min=(X=-3910.000 Y=-4380.000 Z=-5000.000), Max=(X=6090.000 Y=5620.000 Z=5000.000) RuntimeGrid:None EditorOnly:0 RuntimeOnly:0 HLODRelevant:0
 |   |   |- [+] [  6]
 |   |   |   |- Guid:6BAF4DDD444C60371492D3919DB42C97 BaseClass: NativeClass:/Script/Engine.WorldDataLayers Name:WorldDataLayers Label:WorldDataLayers SpatiallyLoaded:0 Bounds:IsValid=true, Min=(X=0.000 Y=0.000 Z=0.000), Max=(X=0.000 Y=0.000 Z=0.000) RuntimeGrid:None EditorOnly:0 RuntimeOnly:0 HLODRelevant:0
 |   |   |- [+] [  7]
 |   |   |   |- Guid:35B7D782484449B5BE4E55AC4367CFF0 BaseClass: NativeClass:/Script/NavigationSystem.RecastNavMesh Name:RecastNavMesh_UAID_A85E45A79B40E90102-Default Label:RecastNavMesh-Default SpatiallyLoaded:0 Bounds:IsValid=true, Min=(X=0.000 Y=0.000 Z=0.000), Max=(X=0.000 Y=0.000 Z=0.000) RuntimeGrid:None EditorOnly:0 RuntimeOnly:0 HLODRelevant:0
 |   |   |- [+] [  8]
 |   |   |   |- Guid:F1924B8D48954B30891B2DB6A694F9CC BaseClass: NativeClass:/Script/Engine.StaticMeshActor Name:StaticMeshActor_1 Label:SM_Cube SpatiallyLoaded:1 Bounds:IsValid=true, Min=(X=-1250.000 Y=-1250.000 Z=-50.000), Max=(X=3750.000 Y=3750.000 Z=0.000) RuntimeGrid:None EditorOnly:0 RuntimeOnly:0 HLODRelevant:1 FolderPath:Playground FolderGuid:C73F09FC4215536B1DCE2A9E0A830C70
 |   |   |- [+] [  9]
 |   |   |   |- Guid:1715C315472923CD87D1A88526A665DD BaseClass: NativeClass:/Script/Engine.StaticMeshActor Name:StaticMeshActor_UAID_A85E45A79B40310202_1799410255 Label:SM_ChamferCube SpatiallyLoaded:1 Bounds:IsValid=true, Min=(X=1100.000 Y=2000.000 Z=0.013), Max=(X=1200.000 Y=2100.000 Z=100.013) RuntimeGrid:None EditorOnly:0 RuntimeOnly:0 HLODRelevant:0
 |   |   |- [+] [ 10]
 |   |   |   |- Guid:B9463CF949CD6AD7600B42B430D12AA0 BaseClass: NativeClass:/Script/Engine.StaticMeshActor Name:StaticMeshActor_UAID_A85E45A79B40310202_1799415256 Label:SM_ChamferCube3 SpatiallyLoaded:1 Bounds:IsValid=true, Min=(X=481.699 Y=2271.699 Z=0.013), Max=(X=618.301 Y=2408.301 Z=100.013) RuntimeGrid:None EditorOnly:0 RuntimeOnly:0 HLODRelevant:0
 |   |   |- [+] [ 11]
 |   |   |   |- Guid:8CD9EC3D42F9B2F2818BE68696E46FFA BaseClass: NativeClass:/Script/Engine.StaticMeshActor Name:StaticMeshActor_UAID_A85E45A79B40310202_1799417257 Label:SM_ChamferCube2 SpatiallyLoaded:1 Bounds:IsValid=true, Min=(X=992.077 Y=2692.077 Z=0.013), Max=(X=1107.923 Y=2807.923 Z=100.013) RuntimeGrid:None EditorOnly:0 RuntimeOnly:0 HLODRelevant:0
 |   |   |- [+] [ 12]
 |   |   |   |- Guid:A3533E934470331AAEB4D3AE5A34381F BaseClass: NativeClass:/Script/Engine.StaticMeshActor Name:StaticMeshActor_UAID_A85E45A79B40310202_1799418258 Label:SM_ChamferCube4 SpatiallyLoaded:1 Bounds:IsValid=true, Min=(X=2170.000 Y=-690.000 Z=0.013), Max=(X=2270.000 Y=-590.000 Z=100.013) RuntimeGrid:None EditorOnly:0 RuntimeOnly:0 HLODRelevant:0
 |   |   |- [+] [ 13]
 |   |   |   |- Guid:7147E44F4DD48C4A9A589CA7E9178CFF BaseClass: NativeClass:/Script/Engine.StaticMeshActor Name:StaticMeshActor_UAID_A85E45A79B40310202_1799420259 Label:SM_ChamferCube5 SpatiallyLoaded:1 Bounds:IsValid=true, Min=(X=1551.699 Y=-418.301 Z=0.013), Max=(X=1688.301 Y=-281.699 Z=100.013) RuntimeGrid:None EditorOnly:0 RuntimeOnly:0 HLODRelevant:0
 |   |   |- [+] [ 14]
 |   |   |   |- Guid:E62381C04367FA96B0E13DA6CDD5F7AA BaseClass: NativeClass:/Script/Engine.StaticMeshActor Name:StaticMeshActor_UAID_A85E45A79B40310202_1799422260 Label:SM_ChamferCube6 SpatiallyLoaded:1 Bounds:IsValid=true, Min=(X=2062.077 Y=2.077 Z=0.013), Max=(X=2177.923 Y=117.923 Z=100.013) RuntimeGrid:None EditorOnly:0 RuntimeOnly:0 HLODRelevant:0
 |   |   |- [+] [ 15]
 |   |   |   |- Guid:86937091454E4BDEA4CCDD99C32E35E2 BaseClass: NativeClass:/Script/Engine.StaticMeshActor Name:StaticMeshActor_UAID_A85E45A79B40310202_1799424261 Label:SM_ChamferCube7 SpatiallyLoaded:1 Bounds:IsValid=true, Min=(X=2730.000 Y=2000.000 Z=0.013), Max=(X=2830.000 Y=2100.000 Z=100.013) RuntimeGrid:None EditorOnly:0 RuntimeOnly:0 HLODRelevant:0
 |   |   |- [+] [ 16]
 |   |   |   |- Guid:9C6B318B439A3A859798DDA771311F64 BaseClass: NativeClass:/Script/Engine.StaticMeshActor Name:StaticMeshActor_UAID_A85E45A79B40310202_1799426262 Label:SM_ChamferCube8 SpatiallyLoaded:1 Bounds:IsValid=true, Min=(X=2111.699 Y=2271.699 Z=0.013), Max=(X=2248.301 Y=2408.301 Z=100.013) RuntimeGrid:None EditorOnly:0 RuntimeOnly:0 HLODRelevant:0
 |   |   |- [+] [ 17]
 |   |   |   |- Guid:9619260F4A3E258275C30F8A19F66811 BaseClass: NativeClass:/Script/Engine.StaticMeshActor Name:StaticMeshActor_UAID_A85E45A79B40310202_1799428263 Label:SM_ChamferCube9 SpatiallyLoaded:1 Bounds:IsValid=true, Min=(X=2622.077 Y=2692.077 Z=0.013), Max=(X=2737.923 Y=2807.923 Z=100.013) RuntimeGrid:None EditorOnly:0 RuntimeOnly:0 HLODRelevant:0
 |   |   |- [+] [ 18]
 |   |   |   |- Guid:D27CD19545E4AD85067B6DA405C2A7E5 BaseClass: NativeClass:/Script/Engine.StaticMeshActor Name:StaticMeshActor_UAID_A85E45A79B40310202_1799429264 Label:SM_ChamferCube10 SpatiallyLoaded:1 Bounds:IsValid=true, Min=(X=1100.000 Y=-330.000 Z=0.013), Max=(X=1200.000 Y=-230.000 Z=100.013) RuntimeGrid:None EditorOnly:0 RuntimeOnly:0 HLODRelevant:0
 |   |   |- [+] [ 19]
 |   |   |   |- Guid:6C2FF842492A7D12D5DE55ACA16FCE30 BaseClass: NativeClass:/Script/Engine.StaticMeshActor Name:StaticMeshActor_UAID_A85E45A79B40310202_1799431265 Label:SM_ChamferCube11 SpatiallyLoaded:1 Bounds:IsValid=true, Min=(X=481.699 Y=-58.301 Z=0.013), Max=(X=618.301 Y=78.301 Z=100.013) RuntimeGrid:None EditorOnly:0 RuntimeOnly:0 HLODRelevant:0
 |   |   |- [+] [ 20]
 |   |   |   |- Guid:5AF413D540C23C85AB37A68A472D2FA2 BaseClass: NativeClass:/Script/Engine.StaticMeshActor Name:StaticMeshActor_UAID_A85E45A79B40310202_1799432266 Label:SM_ChamferCube12 SpatiallyLoaded:1 Bounds:IsValid=true, Min=(X=992.077 Y=362.077 Z=0.013), Max=(X=1107.923 Y=477.923 Z=100.013) RuntimeGrid:None EditorOnly:0 RuntimeOnly:0 HLODRelevant:0
 |   |   |- [+] [ 21]
 |   |   |   |- Guid:13E85CCB4338CC665F6E23A6CAD04271 BaseClass: NativeClass:/Script/Engine.StaticMeshActor Name:StaticMeshActor_UAID_A85E45A79B40310202_1799434267 Label:SM_ChamferCube13 SpatiallyLoaded:1 Bounds:IsValid=true, Min=(X=-230.000 Y=2000.000 Z=0.013), Max=(X=-130.000 Y=2100.000 Z=100.013) RuntimeGrid:None EditorOnly:0 RuntimeOnly:0 HLODRelevant:0
 |   |   |- [+] [ 22]
 |   |   |   |- Guid:BDF241814A8E99974B047DBB1C00A06F BaseClass: NativeClass:/Script/Engine.StaticMeshActor Name:StaticMeshActor_UAID_A85E45A79B40310202_1799435268 Label:SM_ChamferCube14 SpatiallyLoaded:1 Bounds:IsValid=true, Min=(X=-848.301 Y=2271.699 Z=0.013), Max=(X=-711.699 Y=2408.301 Z=100.013) RuntimeGrid:None EditorOnly:0 RuntimeOnly:0 HLODRelevant:0
 |   |   |- [+] [ 23]
 |   |   |   |- Guid:99B0ECC648A05F76A4ABA3922AC235F9 BaseClass: NativeClass:/Script/Engine.StaticMeshActor Name:StaticMeshActor_UAID_A85E45A79B40310202_1799437269 Label:SM_ChamferCube15 SpatiallyLoaded:1 Bounds:IsValid=true, Min=(X=-337.923 Y=2692.077 Z=0.013), Max=(X=-222.077 Y=2807.923 Z=100.013) RuntimeGrid:None EditorOnly:0 RuntimeOnly:0 HLODRelevant:0
 |   |   |- [+] [ 24]
 |   |   |   |- Guid:6B56E44F46F0E8EA5D52DE80A5B08D87 BaseClass: NativeClass:/Script/Engine.StaticMeshActor Name:StaticMeshActor_UAID_A85E45A79B40310202_1799438270 Label:SM_ChamferCube16 SpatiallyLoaded:1 Bounds:IsValid=true, Min=(X=1990.000 Y=1180.000 Z=0.013), Max=(X=2090.000 Y=1280.000 Z=100.013) RuntimeGrid:None EditorOnly:0 RuntimeOnly:0 HLODRelevant:0
 |   |   |- [+] [ 25]
 |   |   |   |- Guid:DD6170AB4465E3AB8ABDFBAED8C0CD6C BaseClass: NativeClass:/Script/Engine.StaticMeshActor Name:StaticMeshActor_UAID_A85E45A79B40310202_1799440271 Label:SM_ChamferCube17 SpatiallyLoaded:1 Bounds:IsValid=true, Min=(X=1371.699 Y=1451.699 Z=0.013), Max=(X=1508.301 Y=1588.301 Z=100.013) RuntimeGrid:None EditorOnly:0 RuntimeOnly:0 HLODRelevant:0
 |   |   |- [+] [ 26]
 |   |   |   |- Guid:281F24F943F43C09956949A86DA2D2DF BaseClass: NativeClass:/Script/Engine.StaticMeshActor Name:StaticMeshActor_UAID_A85E45A79B40310202_1799441272 Label:SM_ChamferCube18 SpatiallyLoaded:1 Bounds:IsValid=true, Min=(X=1882.077 Y=1872.077 Z=0.013), Max=(X=1997.923 Y=1987.923 Z=100.013) RuntimeGrid:None EditorOnly:0 RuntimeOnly:0 HLODRelevant:0
 |   |   |- [+] [ 27]
 |   |   |   |- Guid:CE44759748D38492CEB9E4ADFBA9E86B BaseClass: NativeClass:/Script/Engine.StaticMeshActor Name:StaticMeshActor_UAID_A85E45A79B40310202_1799442273 Label:SM_ChamferCube19 SpatiallyLoaded:1 Bounds:IsValid=true, Min=(X=1100.000 Y=-1260.000 Z=0.013), Max=(X=1200.000 Y=-1160.000 Z=100.013) RuntimeGrid:None EditorOnly:0 RuntimeOnly:0 HLODRelevant:0
 |   |   |- [+] [ 28]
 |   |   |   |- Guid:1A613ADC4D922D65ACB53782EA2456C8 BaseClass: NativeClass:/Script/Engine.StaticMeshActor Name:StaticMeshActor_UAID_A85E45A79B40310202_1799444274 Label:SM_ChamferCube20 SpatiallyLoaded:1 Bounds:IsValid=true, Min=(X=481.699 Y=-988.301 Z=0.013), Max=(X=618.301 Y=-851.699 Z=100.013) RuntimeGrid:None EditorOnly:0 RuntimeOnly:0 HLODRelevant:0
 |   |   |- [+] [ 29]
 |   |   |   |- Guid:0BF0BD98480740FDDB0C289092AA6136 BaseClass: NativeClass:/Script/Engine.StaticMeshActor Name:StaticMeshActor_UAID_A85E45A79B40310202_1799446275 Label:SM_ChamferCube21 SpatiallyLoaded:1 Bounds:IsValid=true, Min=(X=992.077 Y=-567.923 Z=0.013), Max=(X=1107.923 Y=-452.077 Z=100.013) RuntimeGrid:None EditorOnly:0 RuntimeOnly:0 HLODRelevant:0
 |   |   |- [+] [ 30]
 |   |   |   |- Guid:9EE19109428E8FEFFB31AD8A499880B2 BaseClass: NativeClass:/Script/Engine.StaticMeshActor Name:StaticMeshActor_UAID_A85E45A79B40310202_1799447276 Label:SM_ChamferCube22 SpatiallyLoaded:1 Bounds:IsValid=true, Min=(X=-220.000 Y=-810.000 Z=0.013), Max=(X=-120.000 Y=-710.000 Z=100.013) RuntimeGrid:None EditorOnly:0 RuntimeOnly:0 HLODRelevant:0
 |   |   |- [+] [ 31]
 |   |   |   |- Guid:8FAF09554EAC9B365EBB06A57FC2BAEA BaseClass: NativeClass:/Script/Engine.StaticMeshActor Name:StaticMeshActor_UAID_A85E45A79B40310202_1799449277 Label:SM_ChamferCube23 SpatiallyLoaded:1 Bounds:IsValid=true, Min=(X=-838.301 Y=-538.301 Z=0.013), Max=(X=-701.699 Y=-401.699 Z=100.013) RuntimeGrid:None EditorOnly:0 RuntimeOnly:0 HLODRelevant:0
 |   |   |- [+] [ 32]
 |   |   |   |- Guid:0D9D31B944FB76C4116741B7A959B85A BaseClass: NativeClass:/Script/Engine.StaticMeshActor Name:StaticMeshActor_UAID_A85E45A79B40310202_1799450278 Label:SM_ChamferCube24 SpatiallyLoaded:1 Bounds:IsValid=true, Min=(X=-327.923 Y=-117.923 Z=0.013), Max=(X=-212.077 Y=-2.077 Z=100.013) RuntimeGrid:None EditorOnly:0 RuntimeOnly:0 HLODRelevant:0
 |   |   |- [+] [ 33]
 |   |   |   |- Guid:293AE19E48FF104D9DD8DA8A8D52FD3D BaseClass: NativeClass:/Script/Engine.StaticMeshActor Name:StaticMeshActor_UAID_A85E45A79B40310202_1799452279 Label:SM_ChamferCube25 SpatiallyLoaded:1 Bounds:IsValid=true, Min=(X=-180.000 Y=640.000 Z=0.013), Max=(X=-80.000 Y=740.000 Z=100.013) RuntimeGrid:None EditorOnly:0 RuntimeOnly:0 HLODRelevant:0
 |   |   |- [+] [ 34]
 |   |   |   |- Guid:D3928D97436B99EDC7950180772DB960 BaseClass: NativeClass:/Script/Engine.StaticMeshActor Name:StaticMeshActor_UAID_A85E45A79B40310202_1799453280 Label:SM_ChamferCube26 SpatiallyLoaded:1 Bounds:IsValid=true, Min=(X=-798.301 Y=911.699 Z=0.013), Max=(X=-661.699 Y=1048.301 Z=100.013) RuntimeGrid:None EditorOnly:0 RuntimeOnly:0 HLODRelevant:0
 |   |   |- [+] [ 35]
 |   |   |   |- Guid:02BA5C22470CB6063ADD1E91598265F5 BaseClass: NativeClass:/Script/Engine.StaticMeshActor Name:StaticMeshActor_UAID_A85E45A79B40310202_1799455281 Label:SM_ChamferCube27 SpatiallyLoaded:1 Bounds:IsValid=true, Min=(X=-287.923 Y=1332.077 Z=0.013), Max=(X=-172.077 Y=1447.923 Z=100.013) RuntimeGrid:None EditorOnly:0 RuntimeOnly:0 HLODRelevant:0
 |- ContainerInstances:
 |- [+] MainContainer:
 |   |-        ID: 0x0000000000000000
 |   |-    Bounds: IsValid=false, Min=(X=0.000 Y=0.000 Z=0.000), Max=(X=0.000 Y=0.000 Z=0.000)
 |   |- Transform: 0.000000,0.000000,0.000000|0.000000,0.000000,-0.000000|1.000000,1.000000,1.000000
 |   |- Container: /Game/Maps_Levels_Modes/ThirdPersonMap
----------------------------------------------------------------------------------------------------------------
ThirdPersonMap - Persistent Level
----------------------------------------------------------------------------------------------------------------
Always loaded Actor Count: 75 

----------------------------------------------------------------------------------------------------------------
ThirdPersonMap - Runtime Spatial Hash - Streaming Grid - MainGrid
----------------------------------------------------------------------------------------------------------------
            Origin: X=0.000 Y=0.000 Z=0.000
         Cell Size: 12800
      World Bounds: IsValid=false, Min=(X=0.000 Y=0.000 Z=0.000), Max=(X=0.000 Y=0.000 Z=0.000)
     Loading Range: 25600.00
Block Slow Loading: No
 ClientOnlyVisible: No

[+] Grid Levels: 1
 |- Level  0: Cell Count    0 | Cell Size   12800 | Actor Count    0 (0.0%)

[+] Content of Grid Level 0

