[+] Containers:
 |- [+] Container: /Game/Maps_Levels_Modes/ThirdPersonMap
 |   |- [+] ActorDescs:
 |   |   |- Guid:081C846143BFECADCF2A3BB466C4F683 BaseClass: NativeClass:/Script/Engine.StaticMeshActor Name:StaticMeshActor_UAID_A85E45A79B402E0202_1619227719 Label:SM_ChamferCube20 SpatiallyLoaded:1 Bounds:IsValid=true, Min=(X=481.699 Y=-988.301 Z=0.013), Max=(X=618.301 Y=-851.699 Z=100.013) RuntimeGrid:None EditorOnly:0 RuntimeOnly:0 HLODRelevant:0
 |   |   |- Guid:2815695F4A641C4023F60B92C349C79F BaseClass: NativeClass:/Script/Engine.StaticMeshActor Name:StaticMeshActor_UAID_A85E45A79B402E0202_1613743709 Label:SM_ChamferCube10 SpatiallyLoaded:1 Bounds:IsValid=true, Min=(X=1100.000 Y=-330.000 Z=0.013), Max=(X=1200.000 Y=-230.000 Z=100.013) RuntimeGrid:None EditorOnly:0 RuntimeOnly:0 HLODRelevant:0
 |   |   |- Guid:28FB12464E836D2F7D0D8685CB4453A8 BaseClass: NativeClass:/Script/Engine.StaticMeshActor Name:StaticMeshActor_UAID_A85E45A79B402E0202_1610254706 Label:SM_ChamferCube7 SpatiallyLoaded:1 Bounds:IsValid=true, Min=(X=2730.000 Y=2000.000 Z=0.013), Max=(X=2830.000 Y=2100.000 Z=100.013) RuntimeGrid:None EditorOnly:0 RuntimeOnly:0 HLODRelevant:0
 |   |   |- Guid:35B7D782484449B5BE4E55AC4367CFF0 BaseClass: NativeClass:/Script/NavigationSystem.RecastNavMesh Name:RecastNavMesh_UAID_A85E45A79B40E90102-Default Label:RecastNavMesh-Default SpatiallyLoaded:0 Bounds:IsValid=true, Min=(X=0.000 Y=0.000 Z=0.000), Max=(X=0.000 Y=0.000 Z=0.000) RuntimeGrid:None EditorOnly:0 RuntimeOnly:0 HLODRelevant:0
 |   |   |- Guid:36591F8A4BFF1ED375E3E69DD2556DF8 BaseClass: NativeClass:/Script/Engine.StaticMeshActor Name:StaticMeshActor_UAID_A85E45A79B402E0202_1616891717 Label:SM_ChamferCube18 SpatiallyLoaded:1 Bounds:IsValid=true, Min=(X=1882.077 Y=1872.077 Z=0.013), Max=(X=1997.923 Y=1987.923 Z=100.013) RuntimeGrid:None EditorOnly:0 RuntimeOnly:0 HLODRelevant:0
 |   |   |- Guid:3BE7BFA243C9BBAF5E1C53B149E4F85A BaseClass: NativeClass:/Script/NavigationSystem.NavMeshBoundsVolume Name:NavMeshBoundsVolume_UAID_A85E45A79B40E90102_1354811569 Label:NavMeshBoundsVolume SpatiallyLoaded:0 Bounds:IsValid=true, Min=(X=-3910.000 Y=-4380.000 Z=-5000.000), Max=(X=6090.000 Y=5620.000 Z=5000.000) RuntimeGrid:None EditorOnly:0 RuntimeOnly:0 HLODRelevant:0
 |   |   |- Guid:51E027AB4A9541FB6859D690E6A8BEDC BaseClass: NativeClass:/Script/Engine.StaticMeshActor Name:StaticMeshActor_UAID_A85E45A79B402E0202_1615311712 Label:SM_ChamferCube13 SpatiallyLoaded:1 Bounds:IsValid=true, Min=(X=-230.000 Y=2000.000 Z=0.013), Max=(X=-130.000 Y=2100.000 Z=100.013) RuntimeGrid:None EditorOnly:0 RuntimeOnly:0 HLODRelevant:0
 |   |   |- Guid:5779312B4E9E0824D9632794E26A4BB4 BaseClass: NativeClass:/Script/Engine.StaticMeshActor Name:StaticMeshActor_UAID_A85E45A79B402E0202_1613747711 Label:SM_ChamferCube12 SpatiallyLoaded:1 Bounds:IsValid=true, Min=(X=992.077 Y=362.077 Z=0.013), Max=(X=1107.923 Y=477.923 Z=100.013) RuntimeGrid:None EditorOnly:0 RuntimeOnly:0 HLODRelevant:0
 |   |   |- Guid:66E6ECF54B9B053F9C22E995BAE9F90D BaseClass: NativeClass:/Script/Engine.StaticMeshActor Name:StaticMeshActor_UAID_A85E45A79B402E0202_1616890716 Label:SM_ChamferCube17 SpatiallyLoaded:1 Bounds:IsValid=true, Min=(X=1371.699 Y=1451.699 Z=0.013), Max=(X=1508.301 Y=1588.301 Z=100.013) RuntimeGrid:None EditorOnly:0 RuntimeOnly:0 HLODRelevant:0
 |   |   |- Guid:6B96E7C6496E29422F8CBF903C0EB8BB BaseClass: NativeClass:/Script/Engine.StaticMeshActor Name:StaticMeshActor_UAID_A85E45A79B402E0202_1622740721 Label:SM_ChamferCube22 SpatiallyLoaded:1 Bounds:IsValid=true, Min=(X=-220.000 Y=-810.000 Z=0.013), Max=(X=-120.000 Y=-710.000 Z=100.013) RuntimeGrid:None EditorOnly:0 RuntimeOnly:0 HLODRelevant:0
 |   |   |- Guid:6BAF4DDD444C60371492D3919DB42C97 BaseClass: NativeClass:/Script/Engine.WorldDataLayers Name:WorldDataLayers Label:WorldDataLayers SpatiallyLoaded:0 Bounds:IsValid=true, Min=(X=0.000 Y=0.000 Z=0.000), Max=(X=0.000 Y=0.000 Z=0.000) RuntimeGrid:None EditorOnly:0 RuntimeOnly:0 HLODRelevant:0
 |   |   |- Guid:6E70BACE4D2256296BB836B93F68590F BaseClass: NativeClass:/Script/Engine.StaticMeshActor Name:StaticMeshActor_UAID_A85E45A79B402E0202_1619225718 Label:SM_ChamferCube19 SpatiallyLoaded:1 Bounds:IsValid=true, Min=(X=1100.000 Y=-1260.000 Z=0.013), Max=(X=1200.000 Y=-1160.000 Z=100.013) RuntimeGrid:None EditorOnly:0 RuntimeOnly:0 HLODRelevant:0
 |   |   |- Guid:6F8265DC4F7940FBB971B4B991E371B1 BaseClass: NativeClass:/Script/Engine.StaticMeshActor Name:StaticMeshActor_UAID_A85E45A79B402E0202_1610256708 Label:SM_ChamferCube9 SpatiallyLoaded:1 Bounds:IsValid=true, Min=(X=2622.077 Y=2692.077 Z=0.013), Max=(X=2737.923 Y=2807.923 Z=100.013) RuntimeGrid:None EditorOnly:0 RuntimeOnly:0 HLODRelevant:0
 |   |   |- Guid:745A095B4BA4E157E4537FA63F5B7B43 BaseClass: NativeClass:/Script/Engine.StaticMeshActor Name:StaticMeshActor_2 Label:SM_ChamferCube SpatiallyLoaded:1 Bounds:IsValid=true, Min=(X=1100.000 Y=2000.000 Z=0.013), Max=(X=1200.000 Y=2100.000 Z=100.013) RuntimeGrid:None EditorOnly:0 RuntimeOnly:0 HLODRelevant:0
 |   |   |- Guid:7BC7073040DBEFB98542B5A60D0CED20 BaseClass:/Game/UltraDynamicSky/Blueprints/Ultra_Dynamic_Weather.Ultra_Dynamic_Weather_C NativeClass:/Script/Engine.Actor Name:Ultra_Dynamic_Weather_C_UAID_A85E45A79B40DB0102_1900318096 Label:Ultra_Dynamic_Weather SpatiallyLoaded:0 Bounds:IsValid=true, Min=(X=-3180.000 Y=-2650.000 Z=-4100.000), Max=(X=4820.000 Y=5350.000 Z=3900.000) RuntimeGrid:None EditorOnly:0 RuntimeOnly:0 HLODRelevant:0 FolderPath:Lighting FolderGuid:963EC3EB4002CCE9759E2EBA541A873A
 |   |   |- Guid:94AB859846E417F561AFD0AD13C08A94 BaseClass: NativeClass:/Script/Engine.StaticMeshActor Name:StaticMeshActor_UAID_A85E45A79B402E0202_1625876724 Label:SM_ChamferCube25 SpatiallyLoaded:1 Bounds:IsValid=true, Min=(X=-180.000 Y=640.000 Z=0.013), Max=(X=-80.000 Y=740.000 Z=100.013) RuntimeGrid:None EditorOnly:0 RuntimeOnly:0 HLODRelevant:0
 |   |   |- Guid:9878BF764224070ECE6DB8843910D78A BaseClass: NativeClass:/Script/Engine.StaticMeshActor Name:StaticMeshActor_UAID_A85E45A79B402E0202_1625879726 Label:SM_ChamferCube27 SpatiallyLoaded:1 Bounds:IsValid=true, Min=(X=-287.923 Y=1332.077 Z=0.013), Max=(X=-172.077 Y=1447.923 Z=100.013) RuntimeGrid:None EditorOnly:0 RuntimeOnly:0 HLODRelevant:0
 |   |   |- Guid:9BFF363746062F457E2F92A4631DBA20 BaseClass: NativeClass:/Script/Engine.StaticMeshActor Name:StaticMeshActor_11 Label:SM_ChamferCube3 SpatiallyLoaded:1 Bounds:IsValid=true, Min=(X=481.699 Y=2271.699 Z=0.013), Max=(X=618.301 Y=2408.301 Z=100.013) RuntimeGrid:None EditorOnly:0 RuntimeOnly:0 HLODRelevant:0
 |   |   |- Guid:9F8B7BE64DCD88A097F33F873D82A16D BaseClass:/Game/Enemies/BP_Director.BP_Director_C NativeClass:/Script/Engine.Actor Name:BP_Director_C_UAID_A85E45A79B40210202_2117535415 Label:BP_Director SpatiallyLoaded:1 Bounds:IsValid=true, Min=(X=940.000 Y=620.000 Z=0.000), Max=(X=940.000 Y=620.000 Z=0.000) RuntimeGrid:None EditorOnly:0 RuntimeOnly:0 HLODRelevant:0 FolderPath:Directors FolderGuid:2C7FD5774814C680C2CF628E17490FE2
 |   |   |- Guid:A36EB41145C19FAF63C4ADA35805D1D6 BaseClass: NativeClass:/Script/Engine.StaticMeshActor Name:StaticMeshActor_UAID_A85E45A79B402E0202_1622742723 Label:SM_ChamferCube24 SpatiallyLoaded:1 Bounds:IsValid=true, Min=(X=-327.923 Y=-117.923 Z=0.013), Max=(X=-212.077 Y=-2.077 Z=100.013) RuntimeGrid:None EditorOnly:0 RuntimeOnly:0 HLODRelevant:0
 |   |   |- Guid:BB916717415078E00A61C7BE6FE10EA8 BaseClass: NativeClass:/Script/Engine.StaticMeshActor Name:StaticMeshActor_UAID_A85E45A79B402E0202_1608203705 Label:SM_ChamferCube6 SpatiallyLoaded:1 Bounds:IsValid=true, Min=(X=2062.077 Y=2.077 Z=0.013), Max=(X=2177.923 Y=117.923 Z=100.013) RuntimeGrid:None EditorOnly:0 RuntimeOnly:0 HLODRelevant:0
 |   |   |- Guid:C436660A46560A7C2EF1E28031291879 BaseClass: NativeClass:/Script/Engine.StaticMeshActor Name:StaticMeshActor_UAID_A85E45A79B40E10102_2007606157 Label:PLAYER SPAWN LOCATION SpatiallyLoaded:1 Bounds:IsValid=true, Min=(X=680.000 Y=1040.000 Z=20.000), Max=(X=780.000 Y=1140.000 Z=120.000) RuntimeGrid:None EditorOnly:0 RuntimeOnly:0 HLODRelevant:0
 |   |   |- Guid:C5413F79401201036A279F9E619163F7 BaseClass: NativeClass:/Script/Engine.StaticMeshActor Name:StaticMeshActor_UAID_A85E45A79B402E0202_1608202704 Label:SM_ChamferCube5 SpatiallyLoaded:1 Bounds:IsValid=true, Min=(X=1551.699 Y=-418.301 Z=0.013), Max=(X=1688.301 Y=-281.699 Z=100.013) RuntimeGrid:None EditorOnly:0 RuntimeOnly:0 HLODRelevant:0
 |   |   |- Guid:C635342D476528131B6336BAD3B266F4 BaseClass: NativeClass:/Script/Engine.StaticMeshActor Name:StaticMeshActor_UAID_A85E45A79B402E0202_1610255707 Label:SM_ChamferCube8 SpatiallyLoaded:1 Bounds:IsValid=true, Min=(X=2111.699 Y=2271.699 Z=0.013), Max=(X=2248.301 Y=2408.301 Z=100.013) RuntimeGrid:None EditorOnly:0 RuntimeOnly:0 HLODRelevant:0
 |   |   |- Guid:D3ACDB7141C7BFDFC761EEA84B97EC8C BaseClass: NativeClass:/Script/Engine.StaticMeshActor Name:StaticMeshActor_UAID_A85E45A79B402E0202_1615313713 Label:SM_ChamferCube14 SpatiallyLoaded:1 Bounds:IsValid=true, Min=(X=-848.301 Y=2271.699 Z=0.013), Max=(X=-711.699 Y=2408.301 Z=100.013) RuntimeGrid:None EditorOnly:0 RuntimeOnly:0 HLODRelevant:0
 |   |   |- Guid:E12ACFCF4840C8F221E22D9086F7079E BaseClass: NativeClass:/Script/Engine.StaticMeshActor Name:StaticMeshActor_UAID_A85E45A79B402E0202_1613745710 Label:SM_ChamferCube11 SpatiallyLoaded:1 Bounds:IsValid=true, Min=(X=481.699 Y=-58.301 Z=0.013), Max=(X=618.301 Y=78.301 Z=100.013) RuntimeGrid:None EditorOnly:0 RuntimeOnly:0 HLODRelevant:0
 |   |   |- Guid:E73E39994140315EB81324BF0A5D6400 BaseClass: NativeClass:/Script/Engine.StaticMeshActor Name:StaticMeshActor_10 Label:SM_ChamferCube2 SpatiallyLoaded:1 Bounds:IsValid=true, Min=(X=992.077 Y=2692.077 Z=0.013), Max=(X=1107.923 Y=2807.923 Z=100.013) RuntimeGrid:None EditorOnly:0 RuntimeOnly:0 HLODRelevant:0
 |   |   |- Guid:EB893B03432DEB3BB3C9BF900330ED68 BaseClass: NativeClass:/Script/Engine.StaticMeshActor Name:StaticMeshActor_UAID_A85E45A79B402E0202_1625878725 Label:SM_ChamferCube26 SpatiallyLoaded:1 Bounds:IsValid=true, Min=(X=-798.301 Y=911.699 Z=0.013), Max=(X=-661.699 Y=1048.301 Z=100.013) RuntimeGrid:None EditorOnly:0 RuntimeOnly:0 HLODRelevant:0
 |   |   |- Guid:EC6B257642BA5B9B5D336C9161617955 BaseClass: NativeClass:/Script/Engine.StaticMeshActor Name:StaticMeshActor_UAID_A85E45A79B402E0202_1615314714 Label:SM_ChamferCube15 SpatiallyLoaded:1 Bounds:IsValid=true, Min=(X=-337.923 Y=2692.077 Z=0.013), Max=(X=-222.077 Y=2807.923 Z=100.013) RuntimeGrid:None EditorOnly:0 RuntimeOnly:0 HLODRelevant:0
 |   |   |- Guid:EEDDCD274D2DA18EB238EBBD6D3771D8 BaseClass: NativeClass:/Script/Engine.StaticMeshActor Name:StaticMeshActor_UAID_A85E45A79B402E0202_1619228720 Label:SM_ChamferCube21 SpatiallyLoaded:1 Bounds:IsValid=true, Min=(X=992.077 Y=-567.923 Z=0.013), Max=(X=1107.923 Y=-452.077 Z=100.013) RuntimeGrid:None EditorOnly:0 RuntimeOnly:0 HLODRelevant:0
 |   |   |- Guid:F0F4825E43A13431204247BFBFAB9770 BaseClass:/Game/UltraDynamicSky/Blueprints/Ultra_Dynamic_Sky.Ultra_Dynamic_Sky_C NativeClass:/Script/Engine.Actor Name:Ultra_Dynamic_Sky_C_UAID_A85E45A79B40DB0102_1895126095 Label:Ultra_Dynamic_Sky SpatiallyLoaded:0 Bounds:IsValid=true, Min=(X=-9369290165.000 Y=-9369287720.000 Z=-10538807500.000), Max=(X=9369287335.000 Y=9369287905.000 Z=9390708125.000) RuntimeGrid:None EditorOnly:0 RuntimeOnly:0 HLODRelevant:0 FolderPath:Lighting FolderGuid:963EC3EB4002CCE9759E2EBA541A873A
 |   |   |- Guid:F1924B8D48954B30891B2DB6A694F9CC BaseClass: NativeClass:/Script/Engine.StaticMeshActor Name:StaticMeshActor_1 Label:SM_Cube SpatiallyLoaded:1 Bounds:IsValid=true, Min=(X=-1250.000 Y=-1250.000 Z=-50.000), Max=(X=3750.000 Y=3750.000 Z=0.000) RuntimeGrid:None EditorOnly:0 RuntimeOnly:0 HLODRelevant:1 FolderPath:Playground FolderGuid:C73F09FC4215536B1DCE2A9E0A830C70
 |   |   |- Guid:F3CA86C94FB8409ED32FB2A693189AC3 BaseClass: NativeClass:/Script/Engine.StaticMeshActor Name:StaticMeshActor_UAID_A85E45A79B402E0202_1622741722 Label:SM_ChamferCube23 SpatiallyLoaded:1 Bounds:IsValid=true, Min=(X=-838.301 Y=-538.301 Z=0.013), Max=(X=-701.699 Y=-401.699 Z=100.013) RuntimeGrid:None EditorOnly:0 RuntimeOnly:0 HLODRelevant:0
 |   |   |- Guid:F5E3FEB3450C49844FD93DA8E083C8AD BaseClass: NativeClass:/Script/Engine.PostProcessVolume Name:PostProcessVolume_0 Label:PostProcessVolume SpatiallyLoaded:0 Bounds:IsValid=true, Min=(X=0.000 Y=0.000 Z=400.000), Max=(X=200.000 Y=200.000 Z=600.000) RuntimeGrid:None EditorOnly:0 RuntimeOnly:0 HLODRelevant:0 FolderPath:Lighting FolderGuid:963EC3EB4002CCE9759E2EBA541A873A
 |   |   |- Guid:FBB86E574E496C2E437F18A8AE06CD9E BaseClass: NativeClass:/Script/Engine.StaticMeshActor Name:StaticMeshActor_UAID_A85E45A79B402E0202_1616888715 Label:SM_ChamferCube16 SpatiallyLoaded:1 Bounds:IsValid=true, Min=(X=1990.000 Y=1180.000 Z=0.013), Max=(X=2090.000 Y=1280.000 Z=100.013) RuntimeGrid:None EditorOnly:0 RuntimeOnly:0 HLODRelevant:0
 |   |   |- Guid:FCA313DE43F159E484E4D592A122F2E2 BaseClass: NativeClass:/Script/Engine.StaticMeshActor Name:StaticMeshActor_UAID_A85E45A79B402E0202_1608197703 Label:SM_ChamferCube4 SpatiallyLoaded:1 Bounds:IsValid=true, Min=(X=2170.000 Y=-690.000 Z=0.013), Max=(X=2270.000 Y=-590.000 Z=100.013) RuntimeGrid:None EditorOnly:0 RuntimeOnly:0 HLODRelevant:0
 |   |- [+] Clusters:
 |   |   |- [+] [  0]
 |   |   |   |- Guid:94AB859846E417F561AFD0AD13C08A94 BaseClass: NativeClass:/Script/Engine.StaticMeshActor Name:StaticMeshActor_UAID_A85E45A79B402E0202_1625876724 Label:SM_ChamferCube25 SpatiallyLoaded:1 Bounds:IsValid=true, Min=(X=-180.000 Y=640.000 Z=0.013), Max=(X=-80.000 Y=740.000 Z=100.013) RuntimeGrid:None EditorOnly:0 RuntimeOnly:0 HLODRelevant:0
 |   |   |- [+] [  1]
 |   |   |   |- Guid:A36EB41145C19FAF63C4ADA35805D1D6 BaseClass: NativeClass:/Script/Engine.StaticMeshActor Name:StaticMeshActor_UAID_A85E45A79B402E0202_1622742723 Label:SM_ChamferCube24 SpatiallyLoaded:1 Bounds:IsValid=true, Min=(X=-327.923 Y=-117.923 Z=0.013), Max=(X=-212.077 Y=-2.077 Z=100.013) RuntimeGrid:None EditorOnly:0 RuntimeOnly:0 HLODRelevant:0
 |   |   |- [+] [  2]
 |   |   |   |- Guid:F3CA86C94FB8409ED32FB2A693189AC3 BaseClass: NativeClass:/Script/Engine.StaticMeshActor Name:StaticMeshActor_UAID_A85E45A79B402E0202_1622741722 Label:SM_ChamferCube23 SpatiallyLoaded:1 Bounds:IsValid=true, Min=(X=-838.301 Y=-538.301 Z=0.013), Max=(X=-701.699 Y=-401.699 Z=100.013) RuntimeGrid:None EditorOnly:0 RuntimeOnly:0 HLODRelevant:0
 |   |   |- [+] [  3]
 |   |   |   |- Guid:745A095B4BA4E157E4537FA63F5B7B43 BaseClass: NativeClass:/Script/Engine.StaticMeshActor Name:StaticMeshActor_2 Label:SM_ChamferCube SpatiallyLoaded:1 Bounds:IsValid=true, Min=(X=1100.000 Y=2000.000 Z=0.013), Max=(X=1200.000 Y=2100.000 Z=100.013) RuntimeGrid:None EditorOnly:0 RuntimeOnly:0 HLODRelevant:0
 |   |   |- [+] [  4]
 |   |   |   |- Guid:6B96E7C6496E29422F8CBF903C0EB8BB BaseClass: NativeClass:/Script/Engine.StaticMeshActor Name:StaticMeshActor_UAID_A85E45A79B402E0202_1622740721 Label:SM_ChamferCube22 SpatiallyLoaded:1 Bounds:IsValid=true, Min=(X=-220.000 Y=-810.000 Z=0.013), Max=(X=-120.000 Y=-710.000 Z=100.013) RuntimeGrid:None EditorOnly:0 RuntimeOnly:0 HLODRelevant:0
 |   |   |- [+] [  5]
 |   |   |   |- Guid:EEDDCD274D2DA18EB238EBBD6D3771D8 BaseClass: NativeClass:/Script/Engine.StaticMeshActor Name:StaticMeshActor_UAID_A85E45A79B402E0202_1619228720 Label:SM_ChamferCube21 SpatiallyLoaded:1 Bounds:IsValid=true, Min=(X=992.077 Y=-567.923 Z=0.013), Max=(X=1107.923 Y=-452.077 Z=100.013) RuntimeGrid:None EditorOnly:0 RuntimeOnly:0 HLODRelevant:0
 |   |   |- [+] [  6]
 |   |   |   |- Guid:081C846143BFECADCF2A3BB466C4F683 BaseClass: NativeClass:/Script/Engine.StaticMeshActor Name:StaticMeshActor_UAID_A85E45A79B402E0202_1619227719 Label:SM_ChamferCube20 SpatiallyLoaded:1 Bounds:IsValid=true, Min=(X=481.699 Y=-988.301 Z=0.013), Max=(X=618.301 Y=-851.699 Z=100.013) RuntimeGrid:None EditorOnly:0 RuntimeOnly:0 HLODRelevant:0
 |   |   |- [+] [  7]
 |   |   |   |- Guid:6E70BACE4D2256296BB836B93F68590F BaseClass: NativeClass:/Script/Engine.StaticMeshActor Name:StaticMeshActor_UAID_A85E45A79B402E0202_1619225718 Label:SM_ChamferCube19 SpatiallyLoaded:1 Bounds:IsValid=true, Min=(X=1100.000 Y=-1260.000 Z=0.013), Max=(X=1200.000 Y=-1160.000 Z=100.013) RuntimeGrid:None EditorOnly:0 RuntimeOnly:0 HLODRelevant:0
 |   |   |- [+] [  8]
 |   |   |   |- Guid:C436660A46560A7C2EF1E28031291879 BaseClass: NativeClass:/Script/Engine.StaticMeshActor Name:StaticMeshActor_UAID_A85E45A79B40E10102_2007606157 Label:PLAYER SPAWN LOCATION SpatiallyLoaded:1 Bounds:IsValid=true, Min=(X=680.000 Y=1040.000 Z=20.000), Max=(X=780.000 Y=1140.000 Z=120.000) RuntimeGrid:None EditorOnly:0 RuntimeOnly:0 HLODRelevant:0
 |   |   |- [+] [  9]
 |   |   |   |- Guid:9BFF363746062F457E2F92A4631DBA20 BaseClass: NativeClass:/Script/Engine.StaticMeshActor Name:StaticMeshActor_11 Label:SM_ChamferCube3 SpatiallyLoaded:1 Bounds:IsValid=true, Min=(X=481.699 Y=2271.699 Z=0.013), Max=(X=618.301 Y=2408.301 Z=100.013) RuntimeGrid:None EditorOnly:0 RuntimeOnly:0 HLODRelevant:0
 |   |   |- [+] [ 10]
 |   |   |   |- Guid:36591F8A4BFF1ED375E3E69DD2556DF8 BaseClass: NativeClass:/Script/Engine.StaticMeshActor Name:StaticMeshActor_UAID_A85E45A79B402E0202_1616891717 Label:SM_ChamferCube18 SpatiallyLoaded:1 Bounds:IsValid=true, Min=(X=1882.077 Y=1872.077 Z=0.013), Max=(X=1997.923 Y=1987.923 Z=100.013) RuntimeGrid:None EditorOnly:0 RuntimeOnly:0 HLODRelevant:0
 |   |   |- [+] [ 11]
 |   |   |   |- Guid:66E6ECF54B9B053F9C22E995BAE9F90D BaseClass: NativeClass:/Script/Engine.StaticMeshActor Name:StaticMeshActor_UAID_A85E45A79B402E0202_1616890716 Label:SM_ChamferCube17 SpatiallyLoaded:1 Bounds:IsValid=true, Min=(X=1371.699 Y=1451.699 Z=0.013), Max=(X=1508.301 Y=1588.301 Z=100.013) RuntimeGrid:None EditorOnly:0 RuntimeOnly:0 HLODRelevant:0
 |   |   |- [+] [ 12]
 |   |   |   |- Guid:F5E3FEB3450C49844FD93DA8E083C8AD BaseClass: NativeClass:/Script/Engine.PostProcessVolume Name:PostProcessVolume_0 Label:PostProcessVolume SpatiallyLoaded:0 Bounds:IsValid=true, Min=(X=0.000 Y=0.000 Z=400.000), Max=(X=200.000 Y=200.000 Z=600.000) RuntimeGrid:None EditorOnly:0 RuntimeOnly:0 HLODRelevant:0 FolderPath:Lighting FolderGuid:963EC3EB4002CCE9759E2EBA541A873A
 |   |   |- [+] [ 13]
 |   |   |   |- Guid:FBB86E574E496C2E437F18A8AE06CD9E BaseClass: NativeClass:/Script/Engine.StaticMeshActor Name:StaticMeshActor_UAID_A85E45A79B402E0202_1616888715 Label:SM_ChamferCube16 SpatiallyLoaded:1 Bounds:IsValid=true, Min=(X=1990.000 Y=1180.000 Z=0.013), Max=(X=2090.000 Y=1280.000 Z=100.013) RuntimeGrid:None EditorOnly:0 RuntimeOnly:0 HLODRelevant:0
 |   |   |- [+] [ 14]
 |   |   |   |- Guid:EC6B257642BA5B9B5D336C9161617955 BaseClass: NativeClass:/Script/Engine.StaticMeshActor Name:StaticMeshActor_UAID_A85E45A79B402E0202_1615314714 Label:SM_ChamferCube15 SpatiallyLoaded:1 Bounds:IsValid=true, Min=(X=-337.923 Y=2692.077 Z=0.013), Max=(X=-222.077 Y=2807.923 Z=100.013) RuntimeGrid:None EditorOnly:0 RuntimeOnly:0 HLODRelevant:0
 |   |   |- [+] [ 15]
 |   |   |   |- Guid:D3ACDB7141C7BFDFC761EEA84B97EC8C BaseClass: NativeClass:/Script/Engine.StaticMeshActor Name:StaticMeshActor_UAID_A85E45A79B402E0202_1615313713 Label:SM_ChamferCube14 SpatiallyLoaded:1 Bounds:IsValid=true, Min=(X=-848.301 Y=2271.699 Z=0.013), Max=(X=-711.699 Y=2408.301 Z=100.013) RuntimeGrid:None EditorOnly:0 RuntimeOnly:0 HLODRelevant:0
 |   |   |- [+] [ 16]
 |   |   |   |- Guid:7BC7073040DBEFB98542B5A60D0CED20 BaseClass:/Game/UltraDynamicSky/Blueprints/Ultra_Dynamic_Weather.Ultra_Dynamic_Weather_C NativeClass:/Script/Engine.Actor Name:Ultra_Dynamic_Weather_C_UAID_A85E45A79B40DB0102_1900318096 Label:Ultra_Dynamic_Weather SpatiallyLoaded:0 Bounds:IsValid=true, Min=(X=-3180.000 Y=-2650.000 Z=-4100.000), Max=(X=4820.000 Y=5350.000 Z=3900.000) RuntimeGrid:None EditorOnly:0 RuntimeOnly:0 HLODRelevant:0 FolderPath:Lighting FolderGuid:963EC3EB4002CCE9759E2EBA541A873A
 |   |   |- [+] [ 17]
 |   |   |   |- Guid:F0F4825E43A13431204247BFBFAB9770 BaseClass:/Game/UltraDynamicSky/Blueprints/Ultra_Dynamic_Sky.Ultra_Dynamic_Sky_C NativeClass:/Script/Engine.Actor Name:Ultra_Dynamic_Sky_C_UAID_A85E45A79B40DB0102_1895126095 Label:Ultra_Dynamic_Sky SpatiallyLoaded:0 Bounds:IsValid=true, Min=(X=-9369290165.000 Y=-9369287720.000 Z=-10538807500.000), Max=(X=9369287335.000 Y=9369287905.000 Z=9390708125.000) RuntimeGrid:None EditorOnly:0 RuntimeOnly:0 HLODRelevant:0 FolderPath:Lighting FolderGuid:963EC3EB4002CCE9759E2EBA541A873A
 |   |   |- [+] [ 18]
 |   |   |   |- Guid:51E027AB4A9541FB6859D690E6A8BEDC BaseClass: NativeClass:/Script/Engine.StaticMeshActor Name:StaticMeshActor_UAID_A85E45A79B402E0202_1615311712 Label:SM_ChamferCube13 SpatiallyLoaded:1 Bounds:IsValid=true, Min=(X=-230.000 Y=2000.000 Z=0.013), Max=(X=-130.000 Y=2100.000 Z=100.013) RuntimeGrid:None EditorOnly:0 RuntimeOnly:0 HLODRelevant:0
 |   |   |- [+] [ 19]
 |   |   |   |- Guid:9F8B7BE64DCD88A097F33F873D82A16D BaseClass:/Game/Enemies/BP_Director.BP_Director_C NativeClass:/Script/Engine.Actor Name:BP_Director_C_UAID_A85E45A79B40210202_2117535415 Label:BP_Director SpatiallyLoaded:1 Bounds:IsValid=true, Min=(X=940.000 Y=620.000 Z=0.000), Max=(X=940.000 Y=620.000 Z=0.000) RuntimeGrid:None EditorOnly:0 RuntimeOnly:0 HLODRelevant:0 FolderPath:Directors FolderGuid:2C7FD5774814C680C2CF628E17490FE2
 |   |   |- [+] [ 20]
 |   |   |   |- Guid:5779312B4E9E0824D9632794E26A4BB4 BaseClass: NativeClass:/Script/Engine.StaticMeshActor Name:StaticMeshActor_UAID_A85E45A79B402E0202_1613747711 Label:SM_ChamferCube12 SpatiallyLoaded:1 Bounds:IsValid=true, Min=(X=992.077 Y=362.077 Z=0.013), Max=(X=1107.923 Y=477.923 Z=100.013) RuntimeGrid:None EditorOnly:0 RuntimeOnly:0 HLODRelevant:0
 |   |   |- [+] [ 21]
 |   |   |   |- Guid:E12ACFCF4840C8F221E22D9086F7079E BaseClass: NativeClass:/Script/Engine.StaticMeshActor Name:StaticMeshActor_UAID_A85E45A79B402E0202_1613745710 Label:SM_ChamferCube11 SpatiallyLoaded:1 Bounds:IsValid=true, Min=(X=481.699 Y=-58.301 Z=0.013), Max=(X=618.301 Y=78.301 Z=100.013) RuntimeGrid:None EditorOnly:0 RuntimeOnly:0 HLODRelevant:0
 |   |   |- [+] [ 22]
 |   |   |   |- Guid:2815695F4A641C4023F60B92C349C79F BaseClass: NativeClass:/Script/Engine.StaticMeshActor Name:StaticMeshActor_UAID_A85E45A79B402E0202_1613743709 Label:SM_ChamferCube10 SpatiallyLoaded:1 Bounds:IsValid=true, Min=(X=1100.000 Y=-330.000 Z=0.013), Max=(X=1200.000 Y=-230.000 Z=100.013) RuntimeGrid:None EditorOnly:0 RuntimeOnly:0 HLODRelevant:0
 |   |   |- [+] [ 23]
 |   |   |   |- Guid:3BE7BFA243C9BBAF5E1C53B149E4F85A BaseClass: NativeClass:/Script/NavigationSystem.NavMeshBoundsVolume Name:NavMeshBoundsVolume_UAID_A85E45A79B40E90102_1354811569 Label:NavMeshBoundsVolume SpatiallyLoaded:0 Bounds:IsValid=true, Min=(X=-3910.000 Y=-4380.000 Z=-5000.000), Max=(X=6090.000 Y=5620.000 Z=5000.000) RuntimeGrid:None EditorOnly:0 RuntimeOnly:0 HLODRelevant:0
 |   |   |- [+] [ 24]
 |   |   |   |- Guid:6BAF4DDD444C60371492D3919DB42C97 BaseClass: NativeClass:/Script/Engine.WorldDataLayers Name:WorldDataLayers Label:WorldDataLayers SpatiallyLoaded:0 Bounds:IsValid=true, Min=(X=0.000 Y=0.000 Z=0.000), Max=(X=0.000 Y=0.000 Z=0.000) RuntimeGrid:None EditorOnly:0 RuntimeOnly:0 HLODRelevant:0
 |   |   |- [+] [ 25]
 |   |   |   |- Guid:6F8265DC4F7940FBB971B4B991E371B1 BaseClass: NativeClass:/Script/Engine.StaticMeshActor Name:StaticMeshActor_UAID_A85E45A79B402E0202_1610256708 Label:SM_ChamferCube9 SpatiallyLoaded:1 Bounds:IsValid=true, Min=(X=2622.077 Y=2692.077 Z=0.013), Max=(X=2737.923 Y=2807.923 Z=100.013) RuntimeGrid:None EditorOnly:0 RuntimeOnly:0 HLODRelevant:0
 |   |   |- [+] [ 26]
 |   |   |   |- Guid:C635342D476528131B6336BAD3B266F4 BaseClass: NativeClass:/Script/Engine.StaticMeshActor Name:StaticMeshActor_UAID_A85E45A79B402E0202_1610255707 Label:SM_ChamferCube8 SpatiallyLoaded:1 Bounds:IsValid=true, Min=(X=2111.699 Y=2271.699 Z=0.013), Max=(X=2248.301 Y=2408.301 Z=100.013) RuntimeGrid:None EditorOnly:0 RuntimeOnly:0 HLODRelevant:0
 |   |   |- [+] [ 27]
 |   |   |   |- Guid:28FB12464E836D2F7D0D8685CB4453A8 BaseClass: NativeClass:/Script/Engine.StaticMeshActor Name:StaticMeshActor_UAID_A85E45A79B402E0202_1610254706 Label:SM_ChamferCube7 SpatiallyLoaded:1 Bounds:IsValid=true, Min=(X=2730.000 Y=2000.000 Z=0.013), Max=(X=2830.000 Y=2100.000 Z=100.013) RuntimeGrid:None EditorOnly:0 RuntimeOnly:0 HLODRelevant:0
 |   |   |- [+] [ 28]
 |   |   |   |- Guid:BB916717415078E00A61C7BE6FE10EA8 BaseClass: NativeClass:/Script/Engine.StaticMeshActor Name:StaticMeshActor_UAID_A85E45A79B402E0202_1608203705 Label:SM_ChamferCube6 SpatiallyLoaded:1 Bounds:IsValid=true, Min=(X=2062.077 Y=2.077 Z=0.013), Max=(X=2177.923 Y=117.923 Z=100.013) RuntimeGrid:None EditorOnly:0 RuntimeOnly:0 HLODRelevant:0
 |   |   |- [+] [ 29]
 |   |   |   |- Guid:C5413F79401201036A279F9E619163F7 BaseClass: NativeClass:/Script/Engine.StaticMeshActor Name:StaticMeshActor_UAID_A85E45A79B402E0202_1608202704 Label:SM_ChamferCube5 SpatiallyLoaded:1 Bounds:IsValid=true, Min=(X=1551.699 Y=-418.301 Z=0.013), Max=(X=1688.301 Y=-281.699 Z=100.013) RuntimeGrid:None EditorOnly:0 RuntimeOnly:0 HLODRelevant:0
 |   |   |- [+] [ 30]
 |   |   |   |- Guid:FCA313DE43F159E484E4D592A122F2E2 BaseClass: NativeClass:/Script/Engine.StaticMeshActor Name:StaticMeshActor_UAID_A85E45A79B402E0202_1608197703 Label:SM_ChamferCube4 SpatiallyLoaded:1 Bounds:IsValid=true, Min=(X=2170.000 Y=-690.000 Z=0.013), Max=(X=2270.000 Y=-590.000 Z=100.013) RuntimeGrid:None EditorOnly:0 RuntimeOnly:0 HLODRelevant:0
 |   |   |- [+] [ 31]
 |   |   |   |- Guid:EB893B03432DEB3BB3C9BF900330ED68 BaseClass: NativeClass:/Script/Engine.StaticMeshActor Name:StaticMeshActor_UAID_A85E45A79B402E0202_1625878725 Label:SM_ChamferCube26 SpatiallyLoaded:1 Bounds:IsValid=true, Min=(X=-798.301 Y=911.699 Z=0.013), Max=(X=-661.699 Y=1048.301 Z=100.013) RuntimeGrid:None EditorOnly:0 RuntimeOnly:0 HLODRelevant:0
 |   |   |- [+] [ 32]
 |   |   |   |- Guid:E73E39994140315EB81324BF0A5D6400 BaseClass: NativeClass:/Script/Engine.StaticMeshActor Name:StaticMeshActor_10 Label:SM_ChamferCube2 SpatiallyLoaded:1 Bounds:IsValid=true, Min=(X=992.077 Y=2692.077 Z=0.013), Max=(X=1107.923 Y=2807.923 Z=100.013) RuntimeGrid:None EditorOnly:0 RuntimeOnly:0 HLODRelevant:0
 |   |   |- [+] [ 33]
 |   |   |   |- Guid:35B7D782484449B5BE4E55AC4367CFF0 BaseClass: NativeClass:/Script/NavigationSystem.RecastNavMesh Name:RecastNavMesh_UAID_A85E45A79B40E90102-Default Label:RecastNavMesh-Default SpatiallyLoaded:0 Bounds:IsValid=true, Min=(X=0.000 Y=0.000 Z=0.000), Max=(X=0.000 Y=0.000 Z=0.000) RuntimeGrid:None EditorOnly:0 RuntimeOnly:0 HLODRelevant:0
 |   |   |- [+] [ 34]
 |   |   |   |- Guid:F1924B8D48954B30891B2DB6A694F9CC BaseClass: NativeClass:/Script/Engine.StaticMeshActor Name:StaticMeshActor_1 Label:SM_Cube SpatiallyLoaded:1 Bounds:IsValid=true, Min=(X=-1250.000 Y=-1250.000 Z=-50.000), Max=(X=3750.000 Y=3750.000 Z=0.000) RuntimeGrid:None EditorOnly:0 RuntimeOnly:0 HLODRelevant:1 FolderPath:Playground FolderGuid:C73F09FC4215536B1DCE2A9E0A830C70
 |   |   |- [+] [ 35]
 |   |   |   |- Guid:9878BF764224070ECE6DB8843910D78A BaseClass: NativeClass:/Script/Engine.StaticMeshActor Name:StaticMeshActor_UAID_A85E45A79B402E0202_1625879726 Label:SM_ChamferCube27 SpatiallyLoaded:1 Bounds:IsValid=true, Min=(X=-287.923 Y=1332.077 Z=0.013), Max=(X=-172.077 Y=1447.923 Z=100.013) RuntimeGrid:None EditorOnly:0 RuntimeOnly:0 HLODRelevant:0
 |- ContainerInstances:
 |- [+] MainContainer:
 |   |-        ID: 0x0000000000000000
 |   |-    Bounds: IsValid=false, Min=(X=0.000 Y=0.000 Z=0.000), Max=(X=0.000 Y=0.000 Z=0.000)
 |   |- Transform: 0.000000,0.000000,0.000000|0.000000,0.000000,-0.000000|1.000000,1.000000,1.000000
 |   |- Container: /Game/Maps_Levels_Modes/ThirdPersonMap
----------------------------------------------------------------------------------------------------------------
ThirdPersonMap - Persistent Level
----------------------------------------------------------------------------------------------------------------
Always loaded Actor Count: 44 

----------------------------------------------------------------------------------------------------------------
ThirdPersonMap - Runtime Spatial Hash - Streaming Grid - MainGrid
----------------------------------------------------------------------------------------------------------------
            Origin: X=0.000 Y=0.000 Z=0.000
         Cell Size: 12800
      World Bounds: IsValid=false, Min=(X=0.000 Y=0.000 Z=0.000), Max=(X=0.000 Y=0.000 Z=0.000)
     Loading Range: 25600.00
Block Slow Loading: No
 ClientOnlyVisible: No

[+] Grid Levels: 1
 |- Level  0: Cell Count    0 | Cell Size   12800 | Actor Count    0 (0.0%)

[+] Content of Grid Level 0

